Performing C SOURCE FILE Test CMAKE_HAVE_LIBC_PTHREAD failed with the following output:
Change Dir: /home/yl10798/multicore/project/Multicore-Final-Project/build/CMakeFiles/CMakeTmp

Run Build Command(s):/usr/bin/gmake -f Makefile cmTC_1cd97/fast && /usr/bin/gmake  -f CMakeFiles/cmTC_1cd97.dir/build.make CMakeFiles/cmTC_1cd97.dir/build
gmake[1]: Entering directory `/home/yl10798/multicore/project/Multicore-Final-Project/build/CMakeFiles/CMakeTmp'
Building C object CMakeFiles/cmTC_1cd97.dir/src.c.o
/usr/bin/cc -DCMAKE_HAVE_LIBC_PTHREAD  -fPIC  -o CMakeFiles/cmTC_1cd97.dir/src.c.o -c /home/yl10798/multicore/project/Multicore-Final-Project/build/CMakeFiles/CMakeTmp/src.c
Linking C executable cmTC_1cd97
/misc/linux/centos7/x86_64/local/stow/cmake-3.22.0-linux-x86_64/bin/cmake -E cmake_link_script CMakeFiles/cmTC_1cd97.dir/link.txt --verbose=1
/usr/bin/cc -fPIC  CMakeFiles/cmTC_1cd97.dir/src.c.o -o cmTC_1cd97 
CMakeFiles/cmTC_1cd97.dir/src.c.o: In function `main':
src.c:(.text+0x2f): undefined reference to `pthread_create'
src.c:(.text+0x3b): undefined reference to `pthread_detach'
src.c:(.text+0x47): undefined reference to `pthread_cancel'
src.c:(.text+0x58): undefined reference to `pthread_join'
src.c:(.text+0x6c): undefined reference to `pthread_atfork'
collect2: error: ld returned 1 exit status
gmake[1]: *** [cmTC_1cd97] Error 1
gmake[1]: Leaving directory `/home/yl10798/multicore/project/Multicore-Final-Project/build/CMakeFiles/CMakeTmp'
gmake: *** [cmTC_1cd97/fast] Error 2


Source file was:
#include <pthread.h>

static void* test_func(void* data)
{
  return data;
}

int main(void)
{
  pthread_t thread;
  pthread_create(&thread, NULL, test_func, NULL);
  pthread_detach(thread);
  pthread_cancel(thread);
  pthread_join(thread, NULL);
  pthread_atfork(NULL, NULL, NULL);
  pthread_exit(NULL);

  return 0;
}

Determining if the function pthread_create exists in the pthreads failed with the following output:
Change Dir: /home/yl10798/multicore/project/Multicore-Final-Project/build/CMakeFiles/CMakeTmp

Run Build Command(s):/usr/bin/gmake -f Makefile cmTC_9fedf/fast && /usr/bin/gmake  -f CMakeFiles/cmTC_9fedf.dir/build.make CMakeFiles/cmTC_9fedf.dir/build
gmake[1]: Entering directory `/home/yl10798/multicore/project/Multicore-Final-Project/build/CMakeFiles/CMakeTmp'
Building C object CMakeFiles/cmTC_9fedf.dir/CheckFunctionExists.c.o
/usr/bin/cc   -fPIC -DCHECK_FUNCTION_EXISTS=pthread_create -o CMakeFiles/cmTC_9fedf.dir/CheckFunctionExists.c.o -c /misc/linux/centos7/x86_64/local/stow/cmake-3.22.0-linux-x86_64/share/cmake-3.22/Modules/CheckFunctionExists.c
Linking C executable cmTC_9fedf
/misc/linux/centos7/x86_64/local/stow/cmake-3.22.0-linux-x86_64/bin/cmake -E cmake_link_script CMakeFiles/cmTC_9fedf.dir/link.txt --verbose=1
/usr/bin/cc -fPIC -DCHECK_FUNCTION_EXISTS=pthread_create CMakeFiles/cmTC_9fedf.dir/CheckFunctionExists.c.o -o cmTC_9fedf  -lpthreads 
/usr/bin/ld: cannot find -lpthreads
collect2: error: ld returned 1 exit status
gmake[1]: *** [cmTC_9fedf] Error 1
gmake[1]: Leaving directory `/home/yl10798/multicore/project/Multicore-Final-Project/build/CMakeFiles/CMakeTmp'
gmake: *** [cmTC_9fedf/fast] Error 2



